This is pdfTeX, Version 3.14159265-2.6-1.40.19 (TeX Live 2018/Arch Linux) (preloaded format=pdflatex 2018.7.2)  27 JUL 2018 10:20
entering extended mode
 restricted \write18 enabled.
 %&-line parsing enabled.
**main.tex
(./main.tex
LaTeX2e <2018-04-01> patch level 2
Babel <3.18> and hyphenation patterns for 84 language(s) loaded.
(/usr/share/texmf-dist/tex/latex/base/article.cls
Document Class: article 2014/09/29 v1.4h Standard LaTeX document class
(/usr/share/texmf-dist/tex/latex/base/size11.clo
File: size11.clo 2014/09/29 v1.4h Standard LaTeX file (size option)
)
\c@part=\count80
\c@section=\count81
\c@subsection=\count82
\c@subsubsection=\count83
\c@paragraph=\count84
\c@subparagraph=\count85
\c@figure=\count86
\c@table=\count87
\abovecaptionskip=\skip41
\belowcaptionskip=\skip42
\bibindent=\dimen102
)
(/usr/share/texmf-dist/tex/latex/base/inputenc.sty
Package: inputenc 2018/04/06 v1.3b Input encoding file
\inpenc@prehook=\toks14
\inpenc@posthook=\toks15
)
(/usr/share/texmf-dist/tex/latex/base/fontenc.sty
Package: fontenc 2017/04/05 v2.0i Standard LaTeX package

(/usr/share/texmf-dist/tex/latex/base/t1enc.def
File: t1enc.def 2017/04/05 v2.0i Standard LaTeX file
LaTeX Font Info:    Redeclaring font encoding T1 on input line 48.
))
(/usr/share/texmf-dist/tex/latex/amsmath/amsmath.sty
Package: amsmath 2017/09/02 v2.17a AMS math features
\@mathmargin=\skip43

For additional information on amsmath, use the `?' option.
(/usr/share/texmf-dist/tex/latex/amsmath/amstext.sty
Package: amstext 2000/06/29 v2.01 AMS text

(/usr/share/texmf-dist/tex/latex/amsmath/amsgen.sty
File: amsgen.sty 1999/11/30 v2.0 generic functions
\@emptytoks=\toks16
\ex@=\dimen103
))
(/usr/share/texmf-dist/tex/latex/amsmath/amsbsy.sty
Package: amsbsy 1999/11/29 v1.2d Bold Symbols
\pmbraise@=\dimen104
)
(/usr/share/texmf-dist/tex/latex/amsmath/amsopn.sty
Package: amsopn 2016/03/08 v2.02 operator names
)
\inf@bad=\count88
LaTeX Info: Redefining \frac on input line 213.
\uproot@=\count89
\leftroot@=\count90
LaTeX Info: Redefining \overline on input line 375.
\classnum@=\count91
\DOTSCASE@=\count92
LaTeX Info: Redefining \ldots on input line 472.
LaTeX Info: Redefining \dots on input line 475.
LaTeX Info: Redefining \cdots on input line 596.
\Mathstrutbox@=\box26
\strutbox@=\box27
\big@size=\dimen105
LaTeX Font Info:    Redeclaring font encoding OML on input line 712.
LaTeX Font Info:    Redeclaring font encoding OMS on input line 713.
\macc@depth=\count93
\c@MaxMatrixCols=\count94
\dotsspace@=\muskip10
\c@parentequation=\count95
\dspbrk@lvl=\count96
\tag@help=\toks17
\row@=\count97
\column@=\count98
\maxfields@=\count99
\andhelp@=\toks18
\eqnshift@=\dimen106
\alignsep@=\dimen107
\tagshift@=\dimen108
\tagwidth@=\dimen109
\totwidth@=\dimen110
\lineht@=\dimen111
\@envbody=\toks19
\multlinegap=\skip44
\multlinetaggap=\skip45
\mathdisplay@stack=\toks20
LaTeX Info: Redefining \[ on input line 2817.
LaTeX Info: Redefining \] on input line 2818.
)
(/usr/share/texmf-dist/tex/latex/amsfonts/amssymb.sty
Package: amssymb 2013/01/14 v3.01 AMS font symbols

(/usr/share/texmf-dist/tex/latex/amsfonts/amsfonts.sty
Package: amsfonts 2013/01/14 v3.01 Basic AMSFonts support
\symAMSa=\mathgroup4
\symAMSb=\mathgroup5
LaTeX Font Info:    Overwriting math alphabet `\mathfrak' in version `bold'
(Font)                  U/euf/m/n --> U/euf/b/n on input line 106.
))
(/usr/share/texmf-dist/tex/latex/calrsfs/calrsfs.sty
\symrsfscript=\mathgroup6
)
(/usr/share/texmf-dist/tex/latex/graphics/graphicx.sty
Package: graphicx 2017/06/01 v1.1a Enhanced LaTeX Graphics (DPC,SPQR)

(/usr/share/texmf-dist/tex/latex/graphics/keyval.sty
Package: keyval 2014/10/28 v1.15 key=value parser (DPC)
\KV@toks@=\toks21
)
(/usr/share/texmf-dist/tex/latex/graphics/graphics.sty
Package: graphics 2017/06/25 v1.2c Standard LaTeX Graphics (DPC,SPQR)

(/usr/share/texmf-dist/tex/latex/graphics/trig.sty
Package: trig 2016/01/03 v1.10 sin cos tan (DPC)
)
(/usr/share/texmf-dist/tex/latex/graphics-cfg/graphics.cfg
File: graphics.cfg 2016/06/04 v1.11 sample graphics configuration
)
Package graphics Info: Driver file: pdftex.def on input line 99.

(/usr/share/texmf-dist/tex/latex/graphics-def/pdftex.def
File: pdftex.def 2018/01/08 v1.0l Graphics/color driver for pdftex
))
\Gin@req@height=\dimen112
\Gin@req@width=\dimen113
)
(/usr/share/texmf-dist/tex/latex/subfigure/subfigure.sty
Package: subfigure 2002/03/15 v2.1.5 subfigure package
\subfigtopskip=\skip46
\subfigcapskip=\skip47
\subfigcaptopadj=\dimen114
\subfigbottomskip=\skip48
\subfigcapmargin=\dimen115
\subfiglabelskip=\skip49
\c@subfigure=\count100
\c@lofdepth=\count101
\c@subtable=\count102
\c@lotdepth=\count103

****************************************
* Local config file subfigure.cfg used *
****************************************
(/usr/share/texmf-dist/tex/latex/subfigure/subfigure.cfg)
\subfig@top=\skip50
\subfig@bottom=\skip51
) (./main.aux)
\openout1 = `main.aux'.

LaTeX Font Info:    Checking defaults for OML/cmm/m/it on input line 21.
LaTeX Font Info:    ... okay on input line 21.
LaTeX Font Info:    Checking defaults for T1/cmr/m/n on input line 21.
LaTeX Font Info:    ... okay on input line 21.
LaTeX Font Info:    Checking defaults for OT1/cmr/m/n on input line 21.
LaTeX Font Info:    ... okay on input line 21.
LaTeX Font Info:    Checking defaults for OMS/cmsy/m/n on input line 21.
LaTeX Font Info:    ... okay on input line 21.
LaTeX Font Info:    Checking defaults for OMX/cmex/m/n on input line 21.
LaTeX Font Info:    ... okay on input line 21.
LaTeX Font Info:    Checking defaults for U/cmr/m/n on input line 21.
LaTeX Font Info:    ... okay on input line 21.

(/usr/share/texmf-dist/tex/context/base/mkii/supp-pdf.mkii
[Loading MPS to PDF converter (version 2006.09.02).]
\scratchcounter=\count104
\scratchdimen=\dimen116
\scratchbox=\box28
\nofMPsegments=\count105
\nofMParguments=\count106
\everyMPshowfont=\toks22
\MPscratchCnt=\count107
\MPscratchDim=\dimen117
\MPnumerator=\count108
\makeMPintoPDFobject=\count109
\everyMPtoPDFconversion=\toks23
) (/usr/share/texmf-dist/tex/latex/oberdiek/epstopdf-base.sty
Package: epstopdf-base 2016/05/15 v2.6 Base part for package epstopdf

(/usr/share/texmf-dist/tex/generic/oberdiek/infwarerr.sty
Package: infwarerr 2016/05/16 v1.4 Providing info/warning/error messages (HO)
)
(/usr/share/texmf-dist/tex/latex/oberdiek/grfext.sty
Package: grfext 2016/05/16 v1.2 Manage graphics extensions (HO)

(/usr/share/texmf-dist/tex/generic/oberdiek/kvdefinekeys.sty
Package: kvdefinekeys 2016/05/16 v1.4 Define keys (HO)

(/usr/share/texmf-dist/tex/generic/oberdiek/ltxcmds.sty
Package: ltxcmds 2016/05/16 v1.23 LaTeX kernel commands for general use (HO)
)))
(/usr/share/texmf-dist/tex/latex/oberdiek/kvoptions.sty
Package: kvoptions 2016/05/16 v3.12 Key value format for package options (HO)

(/usr/share/texmf-dist/tex/generic/oberdiek/kvsetkeys.sty
Package: kvsetkeys 2016/05/16 v1.17 Key value parser (HO)

(/usr/share/texmf-dist/tex/generic/oberdiek/etexcmds.sty
Package: etexcmds 2016/05/16 v1.6 Avoid name clashes with e-TeX commands (HO)

(/usr/share/texmf-dist/tex/generic/oberdiek/ifluatex.sty
Package: ifluatex 2016/05/16 v1.4 Provides the ifluatex switch (HO)
Package ifluatex Info: LuaTeX not detected.
)
Package etexcmds Info: Could not find \expanded.
(etexcmds)             That can mean that you are not using pdfTeX 1.50 or
(etexcmds)             that some package has redefined \expanded.
(etexcmds)             In the latter case, load this package earlier.
)))
(/usr/share/texmf-dist/tex/generic/oberdiek/pdftexcmds.sty
Package: pdftexcmds 2018/01/30 v0.27 Utility functions of pdfTeX for LuaTeX (HO
)

(/usr/share/texmf-dist/tex/generic/oberdiek/ifpdf.sty
Package: ifpdf 2017/03/15 v3.2 Provides the ifpdf switch
)
Package pdftexcmds Info: LuaTeX not detected.
Package pdftexcmds Info: \pdf@primitive is available.
Package pdftexcmds Info: \pdf@ifprimitive is available.
Package pdftexcmds Info: \pdfdraftmode found.
)
Package epstopdf-base Info: Redefining graphics rule for `.eps' on input line 4
38.
Package grfext Info: Graphics extension search list:
(grfext)             [.pdf,.png,.jpg,.mps,.jpeg,.jbig2,.jb2,.PDF,.PNG,.JPG,.JPE
G,.JBIG2,.JB2,.eps]
(grfext)             \AppendGraphicsExtensions on input line 456.

(/usr/share/texmf-dist/tex/latex/latexconfig/epstopdf-sys.cfg
File: epstopdf-sys.cfg 2010/07/13 v1.3 Configuration of (r)epstopdf for TeX Liv
e
))
LaTeX Font Info:    Try loading font information for U+msa on input line 23.

(/usr/share/texmf-dist/tex/latex/amsfonts/umsa.fd
File: umsa.fd 2013/01/14 v3.01 AMS symbols A
)
LaTeX Font Info:    Try loading font information for U+msb on input line 23.

(/usr/share/texmf-dist/tex/latex/amsfonts/umsb.fd
File: umsb.fd 2013/01/14 v3.01 AMS symbols B
)
LaTeX Font Info:    Try loading font information for OMS+rsfs on input line 23.


(/usr/share/texmf-dist/tex/latex/calrsfs/OMSrsfs.fd) [1

{/var/lib/texmf/fonts/map/pdftex/updmap/pdftex.map}] (./Chapter0.tex
LaTeX Font Info:    Try loading font information for OMS+zplm on input line 18.


(/usr/share/texmf-dist/tex/latex/psnfss/omszplm.fd
File: omszplm.fd 2002/09/08 Fontinst v1.914 font definitions for OMS/zplm.
)) (./Chapter1.tex [1]
[2]
Overfull \hbox (9.18132pt too wide) detected at line 76
\OML/cmm/m/it/10.95  [] \OT1/cmr/m/n/10.95 = []  \OML/cmm/m/it/10.95  [] \OT1/c
mr/m/n/10.95 = []
 []


Overfull \hbox (9.18132pt too wide) detected at line 90
\OML/cmm/m/it/10.95  [] \OT1/cmr/m/n/10.95 = []  \OML/cmm/m/it/10.95  [] \OT1/c
mr/m/n/10.95 = []
 []

[3]
Package epstopdf Info: Source file: <figure/tr_coeff_square.eps>
(epstopdf)                    date: 2018-07-26 10:44:40
(epstopdf)                    size: 27695 bytes
(epstopdf)             Output file: <figure/tr_coeff_square-eps-converted-to.pd
f>
(epstopdf)                    date: 2018-07-26 10:44:40
(epstopdf)                    size: 12826 bytes
(epstopdf)             Command: <repstopdf --outfile=figure/tr_coeff_square-eps
-converted-to.pdf figure/tr_coeff_square.eps>
(epstopdf)             \includegraphics on input line 112.
Package epstopdf Info: Output file is already uptodate.
<figure/tr_coeff_square-eps-converted-to.pdf, id=31, 421.575pt x 316.18124pt>
File: figure/tr_coeff_square-eps-converted-to.pdf Graphic file (type pdf)
<use figure/tr_coeff_square-eps-converted-to.pdf>
Package pdftex.def Info: figure/tr_coeff_square-eps-converted-to.pdf  used on i
nput line 112.
(pdftex.def)             Requested size: 284.52756pt x 213.39865pt.
) (./AppChapter1 [4 <./figure/tr_coeff_square-eps-converted-to.pdf>]
Package epstopdf Info: Source file: <figure/autostati_quad.eps>
(epstopdf)                    date: 2018-07-27 10:13:45
(epstopdf)                    size: 244057 bytes
(epstopdf)             Output file: <figure/autostati_quad-eps-converted-to.pdf
>
(epstopdf)                    date: 2018-07-27 10:14:32
(epstopdf)                    size: 185624 bytes
(epstopdf)             Command: <repstopdf --outfile=figure/autostati_quad-eps-
converted-to.pdf figure/autostati_quad.eps>
(epstopdf)             \includegraphics on input line 28.
Package epstopdf Info: Output file is already uptodate.
<figure/autostati_quad-eps-converted-to.pdf, id=44, 1174.3875pt x 634.37pt>
File: figure/autostati_quad-eps-converted-to.pdf Graphic file (type pdf)
<use figure/autostati_quad-eps-converted-to.pdf>
Package pdftex.def Info: figure/autostati_quad-eps-converted-to.pdf  used on in
put line 28.
(pdftex.def)             Requested size: 369.88582pt x 199.79855pt.

Overfull \hbox (9.88582pt too wide) in paragraph at lines 28--29
[][] 
 []

) (./Chapter2.tex [5 <./figure/autostati_quad-eps-converted-to.pdf>]
Overfull \hbox (16.12479pt too wide) in paragraph at lines 9--17
\T1/cmr/m/n/10.95 Essendo un pac-chetto d'onda una sovrap-po-sizione lin-eare d
i più onde stazionarie,
 []

LaTeX Font Info:    Try loading font information for OMS+cmr on input line 18.
(/usr/share/texmf-dist/tex/latex/base/omscmr.fd
File: omscmr.fd 2014/09/29 v2.5h Standard LaTeX font definitions
)
LaTeX Font Info:    Font shape `OMS/cmr/m/n' in size <10.95> not available
(Font)              Font shape `OMS/cmsy/m/n' tried instead on input line 18.

Underfull \hbox (badness 10000) in paragraph at lines 25--27

 []

[6]
Package epstopdf Info: Source file: <figure/square_transmission1.eps>
(epstopdf)                    date: 2018-07-26 10:44:40
(epstopdf)                    size: 23031 bytes
(epstopdf)             Output file: <figure/square_transmission1-eps-converted-
to.pdf>
(epstopdf)                    date: 2018-07-26 10:44:40
(epstopdf)                    size: 6166 bytes
(epstopdf)             Command: <repstopdf --outfile=figure/square_transmission
1-eps-converted-to.pdf figure/square_transmission1.eps>
(epstopdf)             \includegraphics on input line 49.
Package epstopdf Info: Output file is already uptodate.
<figure/square_transmission1-eps-converted-to.pdf, id=55, 421.575pt x 316.18124
pt>
File: figure/square_transmission1-eps-converted-to.pdf Graphic file (type pdf)
<use figure/square_transmission1-eps-converted-to.pdf>
Package pdftex.def Info: figure/square_transmission1-eps-converted-to.pdf  used
 on input line 49.
(pdftex.def)             Requested size: 170.71764pt x 142.26576pt.
Package epstopdf Info: Source file: <figure/square_transmission2.eps>
(epstopdf)                    date: 2018-07-26 10:44:40
(epstopdf)                    size: 23067 bytes
(epstopdf)             Output file: <figure/square_transmission2-eps-converted-
to.pdf>
(epstopdf)                    date: 2018-07-26 10:44:40
(epstopdf)                    size: 6770 bytes
(epstopdf)             Command: <repstopdf --outfile=figure/square_transmission
2-eps-converted-to.pdf figure/square_transmission2.eps>
(epstopdf)             \includegraphics on input line 49.
Package epstopdf Info: Output file is already uptodate.
<figure/square_transmission2-eps-converted-to.pdf, id=56, 421.575pt x 316.18124
pt>
File: figure/square_transmission2-eps-converted-to.pdf Graphic file (type pdf)
<use figure/square_transmission2-eps-converted-to.pdf>
Package pdftex.def Info: figure/square_transmission2-eps-converted-to.pdf  used
 on input line 49.
(pdftex.def)             Requested size: 170.71764pt x 142.26576pt.
Package epstopdf Info: Source file: <figure/square_transmission3.eps>
(epstopdf)                    date: 2018-07-26 10:44:40
(epstopdf)                    size: 23026 bytes
(epstopdf)             Output file: <figure/square_transmission3-eps-converted-
to.pdf>
(epstopdf)                    date: 2018-07-26 10:44:40
(epstopdf)                    size: 6679 bytes
(epstopdf)             Command: <repstopdf --outfile=figure/square_transmission
3-eps-converted-to.pdf figure/square_transmission3.eps>
(epstopdf)             \includegraphics on input line 56.
Package epstopdf Info: Output file is already uptodate.
<figure/square_transmission3-eps-converted-to.pdf, id=57, 421.575pt x 316.18124
pt>
File: figure/square_transmission3-eps-converted-to.pdf Graphic file (type pdf)
<use figure/square_transmission3-eps-converted-to.pdf>
Package pdftex.def Info: figure/square_transmission3-eps-converted-to.pdf  used
 on input line 56.
(pdftex.def)             Requested size: 170.71764pt x 142.26576pt.

Underfull \hbox (badness 10000) in paragraph at lines 49--59
[][]
 []

) [7 <./figure/square_transmission1-eps-converted-to.pdf> <./figure/square_tran
smission2-eps-converted-to.pdf> <./figure/square_transmission3-eps-converted-to
.pdf>] (./main.aux) ) 
Here is how much of TeX's memory you used:
 2833 strings out of 492649
 36820 string characters out of 6135779
 99808 words of memory out of 5000000
 6631 multiletter control sequences out of 15000+600000
 19451 words of font info for 57 fonts, out of 8000000 for 9000
 1141 hyphenation exceptions out of 8191
 41i,8n,27p,325b,276s stack positions out of 5000i,500n,10000p,200000b,80000s
{/usr/share/texmf-dist/fonts/enc/dvips/cm-super/cm-super-t
1.enc}</usr/share/texmf-dist/fonts/type1/public/amsfonts/cm/cmex10.pfb></usr/sh
are/texmf-dist/fonts/type1/public/amsfonts/cm/cmmi10.pfb></usr/share/texmf-dist
/fonts/type1/public/amsfonts/cm/cmmi8.pfb></usr/share/texmf-dist/fonts/type1/pu
blic/amsfonts/cm/cmr10.pfb></usr/share/texmf-dist/fonts/type1/public/amsfonts/c
m/cmr6.pfb></usr/share/texmf-dist/fonts/type1/public/amsfonts/cm/cmr8.pfb></usr
/share/texmf-dist/fonts/type1/public/amsfonts/cm/cmsy10.pfb></usr/share/texmf-d
ist/fonts/type1/public/amsfonts/cm/cmsy6.pfb></usr/share/texmf-dist/fonts/type1
/public/amsfonts/cm/cmsy8.pfb></usr/share/texmf-dist/fonts/type1/public/amsfont
s/symbols/msbm10.pfb></usr/share/texmf-dist/fonts/type1/public/cm-super/sfbx109
5.pfb></usr/share/texmf-dist/fonts/type1/public/cm-super/sfbx1200.pfb></usr/sha
re/texmf-dist/fonts/type1/public/cm-super/sfbx1440.pfb></usr/share/texmf-dist/f
onts/type1/public/cm-super/sfbx1728.pfb></usr/share/texmf-dist/fonts/type1/publ
ic/cm-super/sfrm1095.pfb></usr/share/texmf-dist/fonts/type1/public/cm-super/sfr
m1200.pfb></usr/share/texmf-dist/fonts/type1/public/cm-super/sfti1095.pfb>
Output written on main.pdf (8 pages, 425901 bytes).
PDF statistics:
 131 PDF objects out of 1000 (max. 8388607)
 92 compressed objects within 1 object stream
 0 named destinations out of 1000 (max. 500000)
 26 words of extra memory for PDF output out of 10000 (max. 10000000)

